<?xml version="1.0" encoding="UTF-8" standalone="yes"?><!DOCTYPE report PUBLIC "-//JACOCO//DTD Report 1.1//EN" "report.dtd"><report name="untitled"><sessioninfo id="MacBook-Pro-Evgeniy-984.local-ca7b4251" start="1684016384859" dump="1684016386092"/><sessioninfo id="MacBook-Pro-Evgeniy-984.local-b336ee22" start="1684016452241" dump="1684016453498"/><sessioninfo id="MacBook-Pro-Evgeniy-984.local-572bd2e7" start="1684017356001" dump="1684017357291"/><sessioninfo id="MacBook-Pro-Evgeniy-984.local-73cbb2ef" start="1684018250864" dump="1684018252148"/><sessioninfo id="MacBook-Pro-Evgeniy-984.local-c94231e7" start="1684018449326" dump="1684018450605"/><sessioninfo id="MacBook-Pro-Evgeniy-984.local-3f2ba70" start="1684018530017" dump="1684018531323"/><sessioninfo id="MacBook-Pro-Evgeniy-984.local-55d29e7a" start="1684018565335" dump="1684018566560"/><sessioninfo id="MacBook-Pro-Evgeniy-984.local-8ac68eea" start="1684018650684" dump="1684018652092"/><sessioninfo id="MacBook-Pro-Evgeniy-984.local-3b9766c2" start="1684018684765" dump="1684018685985"/><sessioninfo id="MacBook-Pro-Evgeniy-984.local-3e8c6813" start="1684018781877" dump="1684018783123"/><sessioninfo id="MacBook-Pro-Evgeniy-984.local-8962f1a5" start="1684018874682" dump="1684018875973"/><sessioninfo id="MacBook-Pro-Evgeniy-984.local-5e36fe16" start="1684018985769" dump="1684018986978"/><sessioninfo id="MacBook-Pro-Evgeniy-984.local-b41d0217" start="1684019070301" dump="1684019071562"/><sessioninfo id="MacBook-Pro-Evgeniy-984.local-c1d7bca3" start="1684020518240" dump="1684020519487"/><sessioninfo id="MacBook-Pro-Evgeniy-984.local-762e2d2f" start="1684068162661" dump="1684068164458"/><sessioninfo id="MacBook-Pro-Evgeniy-984.local-5a2b1ea" start="1684153811754" dump="1684153814742"/><sessioninfo id="MacBook-Pro-Evgeniy-984.local-9408c83b" start="1684153997105" dump="1684153998915"/><sessioninfo id="MacBook-Pro-Evgeniy-984.local-41e11bcf" start="1684154041387" dump="1684154043361"/><sessioninfo id="MacBook-Pro-Evgeniy-984.local-dbcaa1ff" start="1684154196895" dump="1684154198647"/><sessioninfo id="MacBook-Pro-Evgeniy-984.local-b99b1c80" start="1684154322267" dump="1684154324014"/><sessioninfo id="MacBook-Pro-Evgeniy-984.local-bab1c9f7" start="1684154521701" dump="1684154523452"/><sessioninfo id="MacBook-Pro-Evgeniy-984.local-c113111f" start="1684154685017" dump="1684154686760"/><sessioninfo id="MacBook-Pro-Evgeniy-984.local-3ebcdf81" start="1684154932657" dump="1684154934386"/><sessioninfo id="MacBook-Pro-Evgeniy-984.local-f130b53" start="1684155114398" dump="1684155116946"/><sessioninfo id="MacBook-Pro-Evgeniy-984.local-e21ce584" start="1684155155062" dump="1684155156931"/><sessioninfo id="MacBook-Pro-Evgeniy-984.local-c90efdb0" start="1684155258805" dump="1684155260579"/><sessioninfo id="MacBook-Pro-Evgeniy-984.local-843a6922" start="1684155553427" dump="1684155555193"/><sessioninfo id="MacBook-Pro-Evgeniy-984.local-181daea9" start="1684155653553" dump="1684155655379"/><sessioninfo id="MacBook-Pro-Evgeniy-984.local-9144f744" start="1684155674612" dump="1684155676390"/><sessioninfo id="MacBook-Pro-Evgeniy-984.local-5bc002cd" start="1684155757139" dump="1684155759150"/><sessioninfo id="MacBook-Pro-Evgeniy-984.local-5efedb95" start="1684155827687" dump="1684155829437"/><sessioninfo id="MacBook-Pro-Evgeniy-984.local-4d47d04b" start="1684156220000" dump="1684156221738"/><sessioninfo id="MacBook-Pro-Evgeniy-984.local-a2843333" start="1684156747934" dump="1684156749709"/><sessioninfo id="MacBook-Pro-Evgeniy-984.local-f0b821cc" start="1684156820074" dump="1684156821847"/><sessioninfo id="MacBook-Pro-Evgeniy-984.local-74974bf1" start="1684156908650" dump="1684156910367"/><sessioninfo id="MacBook-Pro-Evgeniy-984.local-b70bec04" start="1684157068583" dump="1684157070310"/><package name="com/example"><class name="com/example/Feline" sourcefilename="Feline.java"><method name="&lt;init&gt;" desc="()V" line="5"><counter type="INSTRUCTION" missed="0" covered="3"/><counter type="LINE" missed="0" covered="1"/><counter type="COMPLEXITY" missed="0" covered="1"/><counter type="METHOD" missed="0" covered="1"/></method><method name="eatMeat" desc="()Ljava/util/List;" line="9"><counter type="INSTRUCTION" missed="0" covered="4"/><counter type="LINE" missed="0" covered="1"/><counter type="COMPLEXITY" missed="0" covered="1"/><counter type="METHOD" missed="0" covered="1"/></method><method name="getFamily" desc="()Ljava/lang/String;" line="14"><counter type="INSTRUCTION" missed="0" covered="2"/><counter type="LINE" missed="0" covered="1"/><counter type="COMPLEXITY" missed="0" covered="1"/><counter type="METHOD" missed="0" covered="1"/></method><method name="getKittens" desc="()I" line="18"><counter type="INSTRUCTION" missed="0" covered="4"/><counter type="LINE" missed="0" covered="1"/><counter type="COMPLEXITY" missed="0" covered="1"/><counter type="METHOD" missed="0" covered="1"/></method><method name="getKittens" desc="(I)I" line="22"><counter type="INSTRUCTION" missed="0" covered="2"/><counter type="LINE" missed="0" covered="1"/><counter type="COMPLEXITY" missed="0" covered="1"/><counter type="METHOD" missed="0" covered="1"/></method><counter type="INSTRUCTION" missed="0" covered="15"/><counter type="LINE" missed="0" covered="5"/><counter type="COMPLEXITY" missed="0" covered="5"/><counter type="METHOD" missed="0" covered="5"/><counter type="CLASS" missed="0" covered="1"/></class><class name="com/example/Animal" sourcefilename="Animal.java"><method name="&lt;init&gt;" desc="()V" line="5"><counter type="INSTRUCTION" missed="0" covered="3"/><counter type="LINE" missed="0" covered="1"/><counter type="COMPLEXITY" missed="0" covered="1"/><counter type="METHOD" missed="0" covered="1"/></method><method name="getFood" desc="(Ljava/lang/String;)Ljava/util/List;" line="8"><counter type="INSTRUCTION" missed="9" covered="13"/><counter type="BRANCH" missed="2" covered="2"/><counter type="LINE" missed="2" covered="3"/><counter type="COMPLEXITY" missed="2" covered="1"/><counter type="METHOD" missed="0" covered="1"/></method><method name="getFamily" desc="()Ljava/lang/String;" line="18"><counter type="INSTRUCTION" missed="2" covered="0"/><counter type="LINE" missed="1" covered="0"/><counter type="COMPLEXITY" missed="1" covered="0"/><counter type="METHOD" missed="1" covered="0"/></method><counter type="INSTRUCTION" missed="11" covered="16"/><counter type="BRANCH" missed="2" covered="2"/><counter type="LINE" missed="3" covered="4"/><counter type="COMPLEXITY" missed="3" covered="2"/><counter type="METHOD" missed="1" covered="2"/><counter type="CLASS" missed="0" covered="1"/></class><class name="com/example/Predator" sourcefilename="Predator.java"/><class name="com/example/Lion" sourcefilename="Lion.java"><method name="&lt;init&gt;" desc="(Ljava/lang/String;Lcom/example/Feline;)V" line="10"><counter type="INSTRUCTION" missed="4" covered="23"/><counter type="BRANCH" missed="1" covered="3"/><counter type="LINE" missed="1" covered="7"/><counter type="COMPLEXITY" missed="1" covered="2"/><counter type="METHOD" missed="0" covered="1"/></method><method name="getKittens" desc="()I" line="24"><counter type="INSTRUCTION" missed="0" covered="4"/><counter type="LINE" missed="0" covered="1"/><counter type="COMPLEXITY" missed="0" covered="1"/><counter type="METHOD" missed="0" covered="1"/></method><method name="doesHaveMane" desc="()Z" line="28"><counter type="INSTRUCTION" missed="0" covered="3"/><counter type="LINE" missed="0" covered="1"/><counter type="COMPLEXITY" missed="0" covered="1"/><counter type="METHOD" missed="0" covered="1"/></method><method name="getFood" desc="()Ljava/util/List;" line="32"><counter type="INSTRUCTION" missed="0" covered="5"/><counter type="LINE" missed="0" covered="1"/><counter type="COMPLEXITY" missed="0" covered="1"/><counter type="METHOD" missed="0" covered="1"/></method><counter type="INSTRUCTION" missed="4" covered="35"/><counter type="BRANCH" missed="1" covered="3"/><counter type="LINE" missed="1" covered="10"/><counter type="COMPLEXITY" missed="1" covered="5"/><counter type="METHOD" missed="0" covered="4"/><counter type="CLASS" missed="0" covered="1"/></class><class name="com/example/Cat" sourcefilename="Cat.java"><method name="&lt;init&gt;" desc="(Lcom/example/Feline;)V" line="9"><counter type="INSTRUCTION" missed="0" covered="6"/><counter type="LINE" missed="0" covered="3"/><counter type="COMPLEXITY" missed="0" covered="1"/><counter type="METHOD" missed="0" covered="1"/></method><method name="getSound" desc="()Ljava/lang/String;" line="14"><counter type="INSTRUCTION" missed="0" covered="2"/><counter type="LINE" missed="0" covered="1"/><counter type="COMPLEXITY" missed="0" covered="1"/><counter type="METHOD" missed="0" covered="1"/></method><method name="getFood" desc="()Ljava/util/List;" line="18"><counter type="INSTRUCTION" missed="0" covered="4"/><counter type="LINE" missed="0" covered="1"/><counter type="COMPLEXITY" missed="0" covered="1"/><counter type="METHOD" missed="0" covered="1"/></method><counter type="INSTRUCTION" missed="0" covered="12"/><counter type="LINE" missed="0" covered="5"/><counter type="COMPLEXITY" missed="0" covered="3"/><counter type="METHOD" missed="0" covered="3"/><counter type="CLASS" missed="0" covered="1"/></class><sourcefile name="Predator.java"/><sourcefile name="Lion.java"><line nr="10" mi="0" ci="2" mb="0" cb="0"/><line nr="11" mi="0" ci="3" mb="0" cb="0"/><line nr="12" mi="0" ci="4" mb="0" cb="2"/><line nr="13" mi="0" ci="4" mb="0" cb="0"/><line nr="14" mi="0" ci="4" mb="1" cb="1"/><line nr="15" mi="4" ci="0" mb="0" cb="0"/><line nr="17" mi="0" ci="5" mb="0" cb="0"/><line nr="19" mi="0" ci="1" mb="0" cb="0"/><line nr="24" mi="0" ci="4" mb="0" cb="0"/><line nr="28" mi="0" ci="3" mb="0" cb="0"/><line nr="32" mi="0" ci="5" mb="0" cb="0"/><counter type="INSTRUCTION" missed="4" covered="35"/><counter type="BRANCH" missed="1" covered="3"/><counter type="LINE" missed="1" covered="10"/><counter type="COMPLEXITY" missed="1" covered="5"/><counter type="METHOD" missed="0" covered="4"/><counter type="CLASS" missed="0" covered="1"/></sourcefile><sourcefile name="Animal.java"><line nr="5" mi="0" ci="3" mb="0" cb="0"/><line nr="8" mi="0" ci="4" mb="1" cb="1"/><line nr="9" mi="4" ci="0" mb="0" cb="0"/><line nr="10" mi="0" ci="4" mb="1" cb="1"/><line nr="11" mi="0" ci="5" mb="0" cb="0"/><line nr="13" mi="5" ci="0" mb="0" cb="0"/><line nr="18" mi="2" ci="0" mb="0" cb="0"/><counter type="INSTRUCTION" missed="11" covered="16"/><counter type="BRANCH" missed="2" covered="2"/><counter type="LINE" missed="3" covered="4"/><counter type="COMPLEXITY" missed="3" covered="2"/><counter type="METHOD" missed="1" covered="2"/><counter type="CLASS" missed="0" covered="1"/></sourcefile><sourcefile name="Feline.java"><line nr="5" mi="0" ci="3" mb="0" cb="0"/><line nr="9" mi="0" ci="4" mb="0" cb="0"/><line nr="14" mi="0" ci="2" mb="0" cb="0"/><line nr="18" mi="0" ci="4" mb="0" cb="0"/><line nr="22" mi="0" ci="2" mb="0" cb="0"/><counter type="INSTRUCTION" missed="0" covered="15"/><counter type="LINE" missed="0" covered="5"/><counter type="COMPLEXITY" missed="0" covered="5"/><counter type="METHOD" missed="0" covered="5"/><counter type="CLASS" missed="0" covered="1"/></sourcefile><sourcefile name="Cat.java"><line nr="9" mi="0" ci="2" mb="0" cb="0"/><line nr="10" mi="0" ci="3" mb="0" cb="0"/><line nr="11" mi="0" ci="1" mb="0" cb="0"/><line nr="14" mi="0" ci="2" mb="0" cb="0"/><line nr="18" mi="0" ci="4" mb="0" cb="0"/><counter type="INSTRUCTION" missed="0" covered="12"/><counter type="LINE" missed="0" covered="5"/><counter type="COMPLEXITY" missed="0" covered="3"/><counter type="METHOD" missed="0" covered="3"/><counter type="CLASS" missed="0" covered="1"/></sourcefile><counter type="INSTRUCTION" missed="15" covered="78"/><counter type="BRANCH" missed="3" covered="5"/><counter type="LINE" missed="4" covered="24"/><counter type="COMPLEXITY" missed="4" covered="15"/><counter type="METHOD" missed="1" covered="14"/><counter type="CLASS" missed="0" covered="4"/></package><counter type="INSTRUCTION" missed="15" covered="78"/><counter type="BRANCH" missed="3" covered="5"/><counter type="LINE" missed="4" covered="24"/><counter type="COMPLEXITY" missed="4" covered="15"/><counter type="METHOD" missed="1" covered="14"/><counter type="CLASS" missed="0" covered="4"/></report>